[0.361s] Invoking command in '/home/nukui/ros2_ws/src/mypkg': PYTHONPATH=/home/nukui/ros2_ws/src/mypkg/build/mypkg/prefix_override:/home/nukui/ros2_ws/src/mypkg/install/mypkg/lib/python3.10/site-packages:${PYTHONPATH} /usr/bin/python3 setup.py egg_info --egg-base build/mypkg build --build-base /home/nukui/ros2_ws/src/mypkg/build/mypkg/build install --record /home/nukui/ros2_ws/src/mypkg/build/mypkg/install.log --single-version-externally-managed
[0.490s] running egg_info
[0.491s] creating build/mypkg/mypkg.egg-info
[0.491s] writing build/mypkg/mypkg.egg-info/PKG-INFO
[0.491s] writing dependency_links to build/mypkg/mypkg.egg-info/dependency_links.txt
[0.491s] writing entry points to build/mypkg/mypkg.egg-info/entry_points.txt
[0.492s] writing requirements to build/mypkg/mypkg.egg-info/requires.txt
[0.492s] writing top-level names to build/mypkg/mypkg.egg-info/top_level.txt
[0.492s] writing manifest file 'build/mypkg/mypkg.egg-info/SOURCES.txt'
[0.493s] reading manifest file 'build/mypkg/mypkg.egg-info/SOURCES.txt'
[0.494s] writing manifest file 'build/mypkg/mypkg.egg-info/SOURCES.txt'
[0.494s] running build
[0.494s] running build_py
[0.494s] creating /home/nukui/ros2_ws/src/mypkg/build/mypkg/build
[0.494s] creating /home/nukui/ros2_ws/src/mypkg/build/mypkg/build/lib
[0.495s] creating /home/nukui/ros2_ws/src/mypkg/build/mypkg/build/lib/mypkg
[0.495s] copying mypkg/listener.py -> /home/nukui/ros2_ws/src/mypkg/build/mypkg/build/lib/mypkg
[0.495s] copying mypkg/talker.py -> /home/nukui/ros2_ws/src/mypkg/build/mypkg/build/lib/mypkg
[0.495s] copying mypkg/__init__.py -> /home/nukui/ros2_ws/src/mypkg/build/mypkg/build/lib/mypkg
[0.495s] /usr/lib/python3/dist-packages/setuptools/command/install.py:34: SetuptoolsDeprecationWarning: setup.py install is deprecated. Use build and pip and other standards-based tools.
[0.495s]   warnings.warn(
[0.495s] running install
[0.495s] running install_lib
[0.496s] creating /home/nukui/ros2_ws/src/mypkg/install/mypkg/lib/python3.10/site-packages/mypkg
[0.496s] copying /home/nukui/ros2_ws/src/mypkg/build/mypkg/build/lib/mypkg/listener.py -> /home/nukui/ros2_ws/src/mypkg/install/mypkg/lib/python3.10/site-packages/mypkg
[0.496s] copying /home/nukui/ros2_ws/src/mypkg/build/mypkg/build/lib/mypkg/talker.py -> /home/nukui/ros2_ws/src/mypkg/install/mypkg/lib/python3.10/site-packages/mypkg
[0.496s] copying /home/nukui/ros2_ws/src/mypkg/build/mypkg/build/lib/mypkg/__init__.py -> /home/nukui/ros2_ws/src/mypkg/install/mypkg/lib/python3.10/site-packages/mypkg
[0.497s] byte-compiling /home/nukui/ros2_ws/src/mypkg/install/mypkg/lib/python3.10/site-packages/mypkg/listener.py to listener.cpython-310.pyc
[0.497s] byte-compiling /home/nukui/ros2_ws/src/mypkg/install/mypkg/lib/python3.10/site-packages/mypkg/talker.py to talker.cpython-310.pyc
[0.497s] byte-compiling /home/nukui/ros2_ws/src/mypkg/install/mypkg/lib/python3.10/site-packages/mypkg/__init__.py to __init__.cpython-310.pyc
[0.497s] running install_data
[0.498s] creating /home/nukui/ros2_ws/src/mypkg/install/mypkg/share/ament_index
[0.498s] creating /home/nukui/ros2_ws/src/mypkg/install/mypkg/share/ament_index/resource_index
[0.498s] creating /home/nukui/ros2_ws/src/mypkg/install/mypkg/share/ament_index/resource_index/packages
[0.498s] copying resource/mypkg -> /home/nukui/ros2_ws/src/mypkg/install/mypkg/share/ament_index/resource_index/packages
[0.498s] copying package.xml -> /home/nukui/ros2_ws/src/mypkg/install/mypkg/share/mypkg
[0.498s] running install_egg_info
[0.499s] Copying build/mypkg/mypkg.egg-info to /home/nukui/ros2_ws/src/mypkg/install/mypkg/lib/python3.10/site-packages/mypkg-0.0.0-py3.10.egg-info
[0.500s] running install_scripts
[0.514s] Installing listener script to /home/nukui/ros2_ws/src/mypkg/install/mypkg/lib/mypkg
[0.514s] Installing talker script to /home/nukui/ros2_ws/src/mypkg/install/mypkg/lib/mypkg
[0.514s] writing list of installed files to '/home/nukui/ros2_ws/src/mypkg/build/mypkg/install.log'
[0.533s] Invoked command in '/home/nukui/ros2_ws/src/mypkg' returned '0': PYTHONPATH=/home/nukui/ros2_ws/src/mypkg/build/mypkg/prefix_override:/home/nukui/ros2_ws/src/mypkg/install/mypkg/lib/python3.10/site-packages:${PYTHONPATH} /usr/bin/python3 setup.py egg_info --egg-base build/mypkg build --build-base /home/nukui/ros2_ws/src/mypkg/build/mypkg/build install --record /home/nukui/ros2_ws/src/mypkg/build/mypkg/install.log --single-version-externally-managed
